Performing C SOURCE FILE Test CMAKE_HAVE_LIBC_PTHREAD failed with the following output:
Change Dir: /home/robo02/robocomp/components/grants-robolab/2021-S1/components/gA/CMakeFiles/CMakeTmp

Run Build Command(s):/usr/bin/make cmTC_ec3d9/fast && /usr/bin/make -f CMakeFiles/cmTC_ec3d9.dir/build.make CMakeFiles/cmTC_ec3d9.dir/build
make[1]: se entra en el directorio '/home/robo02/robocomp/components/grants-robolab/2021-S1/components/gA/CMakeFiles/CMakeTmp'
Building C object CMakeFiles/cmTC_ec3d9.dir/src.c.o
/usr/bin/cc   -DCMAKE_HAVE_LIBC_PTHREAD   -o CMakeFiles/cmTC_ec3d9.dir/src.c.o   -c /home/robo02/robocomp/components/grants-robolab/2021-S1/components/gA/CMakeFiles/CMakeTmp/src.c
Linking C executable cmTC_ec3d9
/usr/bin/cmake -E cmake_link_script CMakeFiles/cmTC_ec3d9.dir/link.txt --verbose=1
/usr/bin/cc  -DCMAKE_HAVE_LIBC_PTHREAD    -rdynamic CMakeFiles/cmTC_ec3d9.dir/src.c.o  -o cmTC_ec3d9 
/usr/bin/ld: CMakeFiles/cmTC_ec3d9.dir/src.c.o: en la función `main':
src.c:(.text+0x46): referencia a `pthread_create' sin definir
/usr/bin/ld: src.c:(.text+0x52): referencia a `pthread_detach' sin definir
/usr/bin/ld: src.c:(.text+0x63): referencia a `pthread_join' sin definir
collect2: error: ld returned 1 exit status
make[1]: *** [CMakeFiles/cmTC_ec3d9.dir/build.make:87: cmTC_ec3d9] Error 1
make[1]: se sale del directorio '/home/robo02/robocomp/components/grants-robolab/2021-S1/components/gA/CMakeFiles/CMakeTmp'
make: *** [Makefile:121: cmTC_ec3d9/fast] Error 2


Source file was:
#include <pthread.h>

void* test_func(void* data)
{
  return data;
}

int main(void)
{
  pthread_t thread;
  pthread_create(&thread, NULL, test_func, NULL);
  pthread_detach(thread);
  pthread_join(thread, NULL);
  pthread_atfork(NULL, NULL, NULL);
  pthread_exit(NULL);

  return 0;
}

Determining if the function pthread_create exists in the pthreads failed with the following output:
Change Dir: /home/robo02/robocomp/components/grants-robolab/2021-S1/components/gA/CMakeFiles/CMakeTmp

Run Build Command(s):/usr/bin/make cmTC_41d9e/fast && /usr/bin/make -f CMakeFiles/cmTC_41d9e.dir/build.make CMakeFiles/cmTC_41d9e.dir/build
make[1]: se entra en el directorio '/home/robo02/robocomp/components/grants-robolab/2021-S1/components/gA/CMakeFiles/CMakeTmp'
Building C object CMakeFiles/cmTC_41d9e.dir/CheckFunctionExists.c.o
/usr/bin/cc   -DCHECK_FUNCTION_EXISTS=pthread_create   -o CMakeFiles/cmTC_41d9e.dir/CheckFunctionExists.c.o   -c /usr/share/cmake-3.16/Modules/CheckFunctionExists.c
Linking C executable cmTC_41d9e
/usr/bin/cmake -E cmake_link_script CMakeFiles/cmTC_41d9e.dir/link.txt --verbose=1
/usr/bin/cc  -DCHECK_FUNCTION_EXISTS=pthread_create    -rdynamic CMakeFiles/cmTC_41d9e.dir/CheckFunctionExists.c.o  -o cmTC_41d9e  -lpthreads 
/usr/bin/ld: no se puede encontrar -lpthreads
collect2: error: ld returned 1 exit status
make[1]: *** [CMakeFiles/cmTC_41d9e.dir/build.make:87: cmTC_41d9e] Error 1
make[1]: se sale del directorio '/home/robo02/robocomp/components/grants-robolab/2021-S1/components/gA/CMakeFiles/CMakeTmp'
make: *** [Makefile:121: cmTC_41d9e/fast] Error 2



Performing C SOURCE FILE Test CMAKE_HAVE_LIBC_PTHREAD failed with the following output:
Change Dir: /home/robo02/robocomp/components/grants-robolab/2021-S1/components/gA/CMakeFiles/CMakeTmp

Run Build Command(s):/usr/bin/make cmTC_89f2d/fast && /usr/bin/make -f CMakeFiles/cmTC_89f2d.dir/build.make CMakeFiles/cmTC_89f2d.dir/build
make[1]: se entra en el directorio '/home/robo02/robocomp/components/grants-robolab/2021-S1/components/gA/CMakeFiles/CMakeTmp'
Building C object CMakeFiles/cmTC_89f2d.dir/src.c.o
/usr/bin/cc   -DCMAKE_HAVE_LIBC_PTHREAD   -o CMakeFiles/cmTC_89f2d.dir/src.c.o   -c /home/robo02/robocomp/components/grants-robolab/2021-S1/components/gA/CMakeFiles/CMakeTmp/src.c
Linking C executable cmTC_89f2d
/usr/bin/cmake -E cmake_link_script CMakeFiles/cmTC_89f2d.dir/link.txt --verbose=1
/usr/bin/cc  -DCMAKE_HAVE_LIBC_PTHREAD    -rdynamic CMakeFiles/cmTC_89f2d.dir/src.c.o  -o cmTC_89f2d 
/usr/bin/ld: CMakeFiles/cmTC_89f2d.dir/src.c.o: en la función `main':
src.c:(.text+0x46): referencia a `pthread_create' sin definir
/usr/bin/ld: src.c:(.text+0x52): referencia a `pthread_detach' sin definir
/usr/bin/ld: src.c:(.text+0x63): referencia a `pthread_join' sin definir
collect2: error: ld returned 1 exit status
make[1]: *** [CMakeFiles/cmTC_89f2d.dir/build.make:87: cmTC_89f2d] Error 1
make[1]: se sale del directorio '/home/robo02/robocomp/components/grants-robolab/2021-S1/components/gA/CMakeFiles/CMakeTmp'
make: *** [Makefile:121: cmTC_89f2d/fast] Error 2


Source file was:
#include <pthread.h>

void* test_func(void* data)
{
  return data;
}

int main(void)
{
  pthread_t thread;
  pthread_create(&thread, NULL, test_func, NULL);
  pthread_detach(thread);
  pthread_join(thread, NULL);
  pthread_atfork(NULL, NULL, NULL);
  pthread_exit(NULL);

  return 0;
}

Determining if the function pthread_create exists in the pthreads failed with the following output:
Change Dir: /home/robo02/robocomp/components/grants-robolab/2021-S1/components/gA/CMakeFiles/CMakeTmp

Run Build Command(s):/usr/bin/make cmTC_84159/fast && /usr/bin/make -f CMakeFiles/cmTC_84159.dir/build.make CMakeFiles/cmTC_84159.dir/build
make[1]: se entra en el directorio '/home/robo02/robocomp/components/grants-robolab/2021-S1/components/gA/CMakeFiles/CMakeTmp'
Building C object CMakeFiles/cmTC_84159.dir/CheckFunctionExists.c.o
/usr/bin/cc   -DCHECK_FUNCTION_EXISTS=pthread_create   -o CMakeFiles/cmTC_84159.dir/CheckFunctionExists.c.o   -c /usr/share/cmake-3.16/Modules/CheckFunctionExists.c
Linking C executable cmTC_84159
/usr/bin/cmake -E cmake_link_script CMakeFiles/cmTC_84159.dir/link.txt --verbose=1
/usr/bin/cc  -DCHECK_FUNCTION_EXISTS=pthread_create    -rdynamic CMakeFiles/cmTC_84159.dir/CheckFunctionExists.c.o  -o cmTC_84159  -lpthreads 
/usr/bin/ld: no se puede encontrar -lpthreads
collect2: error: ld returned 1 exit status
make[1]: *** [CMakeFiles/cmTC_84159.dir/build.make:87: cmTC_84159] Error 1
make[1]: se sale del directorio '/home/robo02/robocomp/components/grants-robolab/2021-S1/components/gA/CMakeFiles/CMakeTmp'
make: *** [Makefile:121: cmTC_84159/fast] Error 2



